# JRE version: OpenJDK Runtime Environment Temurin-17.0.11+9 (17.0.11+9) (build 17.0.11+9)
# Java VM: OpenJDK 64-Bit Server VM Temurin-17.0.11+9 (17.0.11+9, mixed mode, emulated-client, tiered, compressed oops, compressed class ptrs, g1 gc, windows-amd64)
GC Precious Log:
 CPUs: 12 total, 12 available
 Memory: 7577M
 Large Page Support: Disabled
 NUMA Support: Disabled
 Compressed Oops: Enabled (32-bit)
 Heap Region Size: 1M
 Heap Min Capacity: 8M
 Heap Initial Capacity: 120M
 Heap Max Capacity: 1G
 Pre-touch: Disabled
 Parallel Workers: 10
 Concurrent Workers: 3
 Concurrent Refinement Workers: 10
 Periodic GC: Disabled
Heap:
 garbage-first heap   total 153600K, used 50707K [0x00000000c0000000, 0x0000000100000000)
  region size 1024K, 1 young (1024K), 0 survivors (0K)
 Metaspace       used 65140K, committed 65600K, reserved 1114112K
  class space    used 8153K, committed 8384K, reserved 1048576K
GC Heap History (20 events):
Event: 11013.184 GC heap before
{Heap before GC invocations=887 (full 826):
 garbage-first heap   total 153600K, used 50707K [0x00000000c0000000, 0x0000000100000000)
  region size 1024K, 1 young (1024K), 0 survivors (0K)
 Metaspace       used 65140K, committed 65600K, reserved 1114112K
  class space    used 8153K, committed 8384K, reserved 1048576K
}
Event: 11013.219 GC heap after
{Heap after GC invocations=888 (full 827):
 garbage-first heap   total 153600K, used 50707K [0x00000000c0000000, 0x0000000100000000)
  region size 1024K, 0 young (0K), 0 survivors (0K)
 Metaspace       used 65140K, committed 65600K, reserved 1114112K
  class space    used 8153K, committed 8384K, reserved 1048576K
}
Event: 11023.356 GC heap before
{Heap before GC invocations=888 (full 827):
 garbage-first heap   total 153600K, used 50707K [0x00000000c0000000, 0x0000000100000000)
  region size 1024K, 1 young (1024K), 0 survivors (0K)
 Metaspace       used 65140K, committed 65600K, reserved 1114112K
  class space    used 8153K, committed 8384K, reserved 1048576K
}
Event: 11023.391 GC heap after
{Heap after GC invocations=889 (full 828):
 garbage-first heap   total 153600K, used 50707K [0x00000000c0000000, 0x0000000100000000)
  region size 1024K, 0 young (0K), 0 survivors (0K)
 Metaspace       used 65140K, committed 65600K, reserved 1114112K
  class space    used 8153K, committed 8384K, reserved 1048576K
}
Event: 11033.543 GC heap before
{Heap before GC invocations=889 (full 828):
 garbage-first heap   total 153600K, used 50707K [0x00000000c0000000, 0x0000000100000000)
  region size 1024K, 1 young (1024K), 0 survivors (0K)
 Metaspace       used 65140K, committed 65600K, reserved 1114112K
  class space    used 8153K, committed 8384K, reserved 1048576K
}
Event: 11033.576 GC heap after
{Heap after GC invocations=890 (full 829):
 garbage-first heap   total 153600K, used 50707K [0x00000000c0000000, 0x0000000100000000)
  region size 1024K, 0 young (0K), 0 survivors (0K)
 Metaspace       used 65140K, committed 65600K, reserved 1114112K
  class space    used 8153K, committed 8384K, reserved 1048576K
}
Event: 11043.719 GC heap before
{Heap before GC invocations=890 (full 829):
 garbage-first heap   total 153600K, used 50707K [0x00000000c0000000, 0x0000000100000000)
  region size 1024K, 1 young (1024K), 0 survivors (0K)
 Metaspace       used 65140K, committed 65600K, reserved 1114112K
  class space    used 8153K, committed 8384K, reserved 1048576K
}
Event: 11043.759 GC heap after
{Heap after GC invocations=891 (full 830):
 garbage-first heap   total 153600K, used 50707K [0x00000000c0000000, 0x0000000100000000)
  region size 1024K, 0 young (0K), 0 survivors (0K)
 Metaspace       used 65140K, committed 65600K, reserved 1114112K
  class space    used 8153K, committed 8384K, reserved 1048576K
}
Event: 11053.909 GC heap before
{Heap before GC invocations=891 (full 830):
 garbage-first heap   total 153600K, used 50707K [0x00000000c0000000, 0x0000000100000000)
  region size 1024K, 1 young (1024K), 0 survivors (0K)
 Metaspace       used 65140K, committed 65600K, reserved 1114112K
  class space    used 8153K, committed 8384K, reserved 1048576K
}
Event: 11053.943 GC heap after
{Heap after GC invocations=892 (full 831):
 garbage-first heap   total 153600K, used 50707K [0x00000000c0000000, 0x0000000100000000)
  region size 1024K, 0 young (0K), 0 survivors (0K)
 Metaspace       used 65140K, committed 65600K, reserved 1114112K
  class space    used 8153K, committed 8384K, reserved 1048576K
}
Event: 11064.085 GC heap before
{Heap before GC invocations=892 (full 831):
 garbage-first heap   total 153600K, used 50707K [0x00000000c0000000, 0x0000000100000000)
  region size 1024K, 1 young (1024K), 0 survivors (0K)
 Metaspace       used 65140K, committed 65600K, reserved 1114112K
  class space    used 8153K, committed 8384K, reserved 1048576K
}
Event: 11064.124 GC heap after
{Heap after GC invocations=893 (full 832):
 garbage-first heap   total 153600K, used 50707K [0x00000000c0000000, 0x0000000100000000)
  region size 1024K, 0 young (0K), 0 survivors (0K)
 Metaspace       used 65140K, committed 65600K, reserved 1114112K
  class space    used 8153K, committed 8384K, reserved 1048576K
}
Event: 11074.279 GC heap before
{Heap before GC invocations=893 (full 832):
 garbage-first heap   total 153600K, used 50707K [0x00000000c0000000, 0x0000000100000000)
  region size 1024K, 1 young (1024K), 0 survivors (0K)
 Metaspace       used 65140K, committed 65600K, reserved 1114112K
  class space    used 8153K, committed 8384K, reserved 1048576K
}
Event: 11074.314 GC heap after
{Heap after GC invocations=894 (full 833):
 garbage-first heap   total 153600K, used 50707K [0x00000000c0000000, 0x0000000100000000)
  region size 1024K, 0 young (0K), 0 survivors (0K)
 Metaspace       used 65140K, committed 65600K, reserved 1114112K
  class space    used 8153K, committed 8384K, reserved 1048576K
}
Event: 11084.458 GC heap before
{Heap before GC invocations=894 (full 833):
 garbage-first heap   total 153600K, used 50707K [0x00000000c0000000, 0x0000000100000000)
  region size 1024K, 1 young (1024K), 0 survivors (0K)
 Metaspace       used 65140K, committed 65600K, reserved 1114112K
  class space    used 8153K, committed 8384K, reserved 1048576K
}
Event: 11084.496 GC heap after
{Heap after GC invocations=895 (full 834):
 garbage-first heap   total 153600K, used 50707K [0x00000000c0000000, 0x0000000100000000)
  region size 1024K, 0 young (0K), 0 survivors (0K)
 Metaspace       used 65140K, committed 65600K, reserved 1114112K
  class space    used 8153K, committed 8384K, reserved 1048576K
}
Event: 11094.647 GC heap before
{Heap before GC invocations=895 (full 834):
 garbage-first heap   total 153600K, used 50707K [0x00000000c0000000, 0x0000000100000000)
  region size 1024K, 1 young (1024K), 0 survivors (0K)
 Metaspace       used 65140K, committed 65600K, reserved 1114112K
  class space    used 8153K, committed 8384K, reserved 1048576K
}
Event: 11094.691 GC heap after
{Heap after GC invocations=896 (full 835):
 garbage-first heap   total 153600K, used 50707K [0x00000000c0000000, 0x0000000100000000)
  region size 1024K, 0 young (0K), 0 survivors (0K)
 Metaspace       used 65140K, committed 65600K, reserved 1114112K
  class space    used 8153K, committed 8384K, reserved 1048576K
}
Event: 11104.834 GC heap before
{Heap before GC invocations=896 (full 835):
 garbage-first heap   total 153600K, used 50707K [0x00000000c0000000, 0x0000000100000000)
  region size 1024K, 1 young (1024K), 0 survivors (0K)
 Metaspace       used 65140K, committed 65600K, reserved 1114112K
  class space    used 8153K, committed 8384K, reserved 1048576K
}
Event: 11104.871 GC heap after
{Heap after GC invocations=897 (full 836):
 garbage-first heap   total 153600K, used 50707K [0x00000000c0000000, 0x0000000100000000)
  region size 1024K, 0 young (0K), 0 survivors (0K)
 Metaspace       used 65140K, committed 65600K, reserved 1114112K
  class space    used 8153K, committed 8384K, reserved 1048576K
}

